{
  "RSpec": {
    "coverage": {
      "/Users/hugosykes/Makers/week4/bookmark_manager/spec/features/creating_links_spec.rb": [
        1,
        null,
        1,
        1,
        1,
        1,
        1,
        1,
        1,
        null,
        1,
        1,
        null,
        null,
        null
      ],
      "/Users/hugosykes/Makers/week4/bookmark_manager/spec/features/homepage_links_spec.rb": [
        1,
        null,
        1,
        1,
        1,
        null,
        1,
        null,
        1,
        null,
        1,
        1,
        null,
        null,
        null
      ]
    },
    "timestamp": 1508256619
  }
}
